<response>
  <header>
    <resultCode>00</resultCode>
    <resultMsg>NORMAL SERVICE.</resultMsg>
  </header>
  <body>
    <items>
      <item>
        <거래금액> 95,000</거래금액>
        <거래유형>중개거래</거래유형>
        <건축년도>1992</건축년도>
        <년>2022</년>
        <법정동> 분당동</법정동>
        <아파트>샛별마을(동성)</아파트>
        <월>7</월>
        <일>4</일>
        <전용면적>59.4</전용면적>
        <중개사소재지>경기 성남분당구</중개사소재지>
        <지번>35</지번>
        <지역코드>41135</지역코드>
        <층>6</층>
        <해제사유발생일> </해제사유발생일>
        <해제여부> </해제여부>
      </item>
      <item>
        <거래금액> 94,500</거래금액>
        <거래유형>중개거래</거래유형>
        <건축년도>1994</건축년도>
        <년>2022</년>
        <법정동> 분당동</법정동>
        <아파트>샛별마을(우방)</아파트>
        <월>7</월>
        <일>27</일>
        <전용면적>57.28</전용면적>
        <중개사소재지>경기 성남분당구</중개사소재지>
        <지번>38</지번>
        <지역코드>41135</지역코드>
        <층>11</층>
        <해제사유발생일> </해제사유발생일>
        <해제여부> </해제여부>
      </item>
    </items>
  </body>
</response>